<?xml version="1.0" encoding="UTF-8"?>
<!-- Generated by org.testng.reporters.JUnitReportReporter -->
<testsuite hostname="DESKTOP-NB4I6K9" failures="0" tests="1" name="Test.loginPageTest" time="4.881" errors="0" timestamp="2025-03-17T13:42:06 IST" skipped="0">
  <testcase classname="Test.loginPageTest" name="loginWithValidCredentialsTest" time="4.881"/>
</testsuite> <!-- Test.loginPageTest -->
