<?xml version="1.0" encoding="UTF-8"?>
<!-- Generated by org.testng.reporters.JUnitReportReporter -->
<testsuite hostname="DESKTOP-NB4I6K9" failures="0" tests="1" name="Test.loginPageTest" time="6.626" errors="0" timestamp="2025-03-17T11:27:24 IST" skipped="0">
  <testcase classname="Test.loginPageTest" name="loginWithValidCredentialsTest" time="6.626"/>
</testsuite> <!-- Test.loginPageTest -->
