<?xml version="1.0" encoding="UTF-8"?>
<!-- Generated by org.testng.reporters.JUnitReportReporter -->
<testsuite hostname="DESKTOP-NB4I6K9" failures="0" tests="1" name="Test.loginPageTest" time="4.273" errors="0" timestamp="2025-03-17T17:34:57 IST" skipped="0">
  <testcase classname="Test.loginPageTest" name="loginWithValidCredentialsTestFailed" time="4.273"/>
</testsuite> <!-- Test.loginPageTest -->
