<?xml version="1.0" encoding="UTF-8"?>
<!-- Generated by org.testng.reporters.JUnitReportReporter -->
<testsuite hostname="DESKTOP-E3LKTCV" failures="0" tests="1" name="Test.loginPageTest" time="33.436" errors="0" timestamp="2025-03-16T13:40:09 IST" skipped="0">
  <testcase classname="Test.loginPageTest" name="loginWithValidCredentialsTest" time="33.436"/>
</testsuite> <!-- Test.loginPageTest -->
