<?xml version="1.0" encoding="UTF-8"?>
<!-- Generated by org.testng.reporters.JUnitReportReporter -->
<testsuite hostname="DESKTOP-NB4I6K9" failures="0" tests="1" name="Test.loginPageTest" time="4.710" errors="0" timestamp="2025-03-22T12:19:44 IST" skipped="0">
  <testcase classname="Test.loginPageTest" name="loginWithValidCredentialsTest" time="4.710"/>
</testsuite> <!-- Test.loginPageTest -->
